0 info it worked if it ends with ok
1 verbose cli [ 'C:\\Program Files\\nodejs\\node.exe',
1 verbose cli   'C:\\Program Files\\nodejs\\node_modules\\npm\\bin\\npm-cli.js',
1 verbose cli   'run',
1 verbose cli   'dev' ]
2 info using npm@3.10.10
3 info using node@v6.17.1
4 verbose run-script [ 'predev', 'dev', 'postdev' ]
5 info lifecycle myreactapp@0.0.0~predev: myreactapp@0.0.0
6 silly lifecycle myreactapp@0.0.0~predev: no script for predev, continuing
7 info lifecycle myreactapp@0.0.0~dev: myreactapp@0.0.0
8 verbose lifecycle myreactapp@0.0.0~dev: unsafe-perm in lifecycle true
9 verbose lifecycle myreactapp@0.0.0~dev: PATH: C:\Program Files\nodejs\node_modules\npm\bin\node-gyp-bin;C:\Users\punkz\OneDrive\Área de Trabalho\Projetos\rocketseat\myreactapp\node_modules\.bin;C:\Python310\Scripts\;C:\Python310\;C:\WINDOWS\system32;C:\WINDOWS;C:\WINDOWS\System32\Wbem;C:\WINDOWS\System32\WindowsPowerShell\v1.0\;C:\WINDOWS\System32\OpenSSH\;C:\HashiCorp\Vagrant\bin;C:\Program Files\Git\cmd;C:\ProgramData\chocolatey\bin;C:\Program Files\GitHub CLI\;C:\Program Files\nodejs\;C:\Ruby31-x64\bin;C:\Users\punkz\AppData\Local\Microsoft\WindowsApps;D:\Microsoft VS Code\bin;C:\Users\punkz\AppData\Local\GitHubDesktop\bin;C:\Users\punkz\AppData\Roaming\npm
10 verbose lifecycle myreactapp@0.0.0~dev: CWD: C:\Users\punkz\OneDrive\Área de Trabalho\Projetos\rocketseat\myreactapp
11 silly lifecycle myreactapp@0.0.0~dev: Args: [ '/d /s /c', 'vite' ]
12 silly lifecycle myreactapp@0.0.0~dev: Returned: code: 1  signal: null
13 info lifecycle myreactapp@0.0.0~dev: Failed to exec dev script
14 verbose stack Error: myreactapp@0.0.0 dev: `vite`
14 verbose stack Exit status 1
14 verbose stack     at EventEmitter.<anonymous> (C:\Program Files\nodejs\node_modules\npm\lib\utils\lifecycle.js:255:16)
14 verbose stack     at emitTwo (events.js:106:13)
14 verbose stack     at EventEmitter.emit (events.js:191:7)
14 verbose stack     at ChildProcess.<anonymous> (C:\Program Files\nodejs\node_modules\npm\lib\utils\spawn.js:40:14)
14 verbose stack     at emitTwo (events.js:106:13)
14 verbose stack     at ChildProcess.emit (events.js:191:7)
14 verbose stack     at maybeClose (internal/child_process.js:920:16)
14 verbose stack     at Process.ChildProcess._handle.onexit (internal/child_process.js:230:5)
15 verbose pkgid myreactapp@0.0.0
16 verbose cwd C:\Users\punkz\OneDrive\Área de Trabalho\Projetos\rocketseat\myreactapp
17 error Windows_NT 10.0.19044
18 error argv "C:\\Program Files\\nodejs\\node.exe" "C:\\Program Files\\nodejs\\node_modules\\npm\\bin\\npm-cli.js" "run" "dev"
19 error node v6.17.1
20 error npm  v3.10.10
21 error code ELIFECYCLE
22 error myreactapp@0.0.0 dev: `vite`
22 error Exit status 1
23 error Failed at the myreactapp@0.0.0 dev script 'vite'.
23 error Make sure you have the latest version of node.js and npm installed.
23 error If you do, this is most likely a problem with the myreactapp package,
23 error not with npm itself.
23 error Tell the author that this fails on your system:
23 error     vite
23 error You can get information on how to open an issue for this project with:
23 error     npm bugs myreactapp
23 error Or if that isn't available, you can get their info via:
23 error     npm owner ls myreactapp
23 error There is likely additional logging output above.
24 verbose exit [ 1, true ]
